Flow report for convolutional_encoder
Thu Feb 15 16:26:18 2018
Quartus II 64-Bit Version 13.0.0 Build 156 04/24/2013 SJ Web Edition


---------------------
; Table of Contents ;
---------------------
  1. Legal Notice
  2. Flow Summary
  3. Flow Settings
  4. Flow Non-Default Global Settings
  5. Flow Elapsed Time
  6. Flow OS Summary
  7. Flow Log
  8. Flow Messages
  9. Flow Suppressed Messages



----------------
; Legal Notice ;
----------------
Copyright (C) 1991-2013 Altera Corporation
Your use of Altera Corporation's design tools, logic functions 
and other software and tools, and its AMPP partner logic 
functions, and any output files from any of the foregoing 
(including device programming or simulation files), and any 
associated documentation or information are expressly subject 
to the terms and conditions of the Altera Program License 
Subscription Agreement, Altera MegaCore Function License 
Agreement, or other applicable license agreement, including, 
without limitation, that your use is for the sole purpose of 
programming logic devices manufactured by Altera and sold by 
Altera or its authorized distributors.  Please refer to the 
applicable agreement for further details.



+---------------------------------------------------------------------------------+
; Flow Summary                                                                    ;
+------------------------------------+--------------------------------------------+
; Flow Status                        ; Successful - Thu Feb 15 16:26:18 2018      ;
; Quartus II 64-Bit Version          ; 13.0.0 Build 156 04/24/2013 SJ Web Edition ;
; Revision Name                      ; convolutional_encoder                      ;
; Top-level Entity Name              ; conv_encode                                ;
; Family                             ; Cyclone II                                 ;
; Device                             ; EP2C35F672C6                               ;
; Timing Models                      ; Final                                      ;
; Total logic elements               ; 467 / 33,216 ( 1 % )                       ;
;     Total combinational functions  ; 335 / 33,216 ( 1 % )                       ;
;     Dedicated logic registers      ; 346 / 33,216 ( 1 % )                       ;
; Total registers                    ; 346                                        ;
; Total pins                         ; 4 / 475 ( < 1 % )                          ;
; Total virtual pins                 ; 0                                          ;
; Total memory bits                  ; 512 / 483,840 ( < 1 % )                    ;
; Embedded Multiplier 9-bit elements ; 0 / 70 ( 0 % )                             ;
; Total PLLs                         ; 0 / 4 ( 0 % )                              ;
+------------------------------------+--------------------------------------------+


+-------------------------------------------+
; Flow Settings                             ;
+-------------------+-----------------------+
; Option            ; Setting               ;
+-------------------+-----------------------+
; Start date & time ; 02/15/2018 16:25:56   ;
; Main task         ; Compilation           ;
; Revision Name     ; convolutional_encoder ;
+-------------------+-----------------------+


+----------------------------------------------------------------------------------------------------------------------------------------------------------------------------------------------------------------+
; Flow Non-Default Global Settings                                                                                                                                                                               ;
+-------------------------------------+-----------------------------------------------------------------------------------------------------------------+-----------------------+-------------+------------------+
; Assignment Name                     ; Value                                                                                                           ; Default Value         ; Entity Name ; Section Id       ;
+-------------------------------------+-----------------------------------------------------------------------------------------------------------------+-----------------------+-------------+------------------+
; COMPILER_SIGNATURE_ID               ; 93094392210044.151872995503804                                                                                  ; --                    ; --          ; --               ;
; EDA_OUTPUT_DATA_FORMAT              ; Vhdl                                                                                                            ; --                    ; --          ; eda_simulation   ;
; EDA_SIMULATION_TOOL                 ; ModelSim-Altera (VHDL)                                                                                          ; <None>                ; --          ; --               ;
; ENABLE_SIGNALTAP                    ; On                                                                                                              ; --                    ; --          ; --               ;
; MAX_CORE_JUNCTION_TEMP              ; 85                                                                                                              ; --                    ; --          ; --               ;
; MIN_CORE_JUNCTION_TEMP              ; 0                                                                                                               ; --                    ; --          ; --               ;
; PARTITION_COLOR                     ; 16764057                                                                                                        ; --                    ; conv_encode ; Top              ;
; PARTITION_FITTER_PRESERVATION_LEVEL ; PLACEMENT_AND_ROUTING                                                                                           ; --                    ; conv_encode ; Top              ;
; PARTITION_NETLIST_TYPE              ; SOURCE                                                                                                          ; --                    ; conv_encode ; Top              ;
; PROJECT_OUTPUT_DIRECTORY            ; output_files                                                                                                    ; --                    ; --          ; --               ;
; SLD_FILE                            ; C:/Users/MS/Documents/McGill/2018_Winter/ECSE 436/Lab 2/conv_encoder/output_files/conv_encode_auto_stripped.stp ; --                    ; --          ; --               ;
; SLD_NODE_CREATOR_ID                 ; 110                                                                                                             ; --                    ; --          ; auto_signaltap_0 ;
; SLD_NODE_ENTITY_NAME                ; sld_signaltap                                                                                                   ; --                    ; --          ; auto_signaltap_0 ;
; SLD_NODE_PARAMETER_ASSIGNMENT       ; SLD_DATA_BITS=3                                                                                                 ; --                    ; --          ; auto_signaltap_0 ;
; SLD_NODE_PARAMETER_ASSIGNMENT       ; SLD_TRIGGER_BITS=3                                                                                              ; --                    ; --          ; auto_signaltap_0 ;
; SLD_NODE_PARAMETER_ASSIGNMENT       ; SLD_NODE_INFO=805334528                                                                                         ; --                    ; --          ; auto_signaltap_0 ;
; SLD_NODE_PARAMETER_ASSIGNMENT       ; SLD_POWER_UP_TRIGGER=0                                                                                          ; --                    ; --          ; auto_signaltap_0 ;
; SLD_NODE_PARAMETER_ASSIGNMENT       ; SLD_SEGMENT_SIZE=128                                                                                            ; --                    ; --          ; auto_signaltap_0 ;
; SLD_NODE_PARAMETER_ASSIGNMENT       ; SLD_ATTRIBUTE_MEM_MODE=OFF                                                                                      ; --                    ; --          ; auto_signaltap_0 ;
; SLD_NODE_PARAMETER_ASSIGNMENT       ; SLD_STATE_FLOW_USE_GENERATED=0                                                                                  ; --                    ; --          ; auto_signaltap_0 ;
; SLD_NODE_PARAMETER_ASSIGNMENT       ; SLD_STATE_BITS=11                                                                                               ; --                    ; --          ; auto_signaltap_0 ;
; SLD_NODE_PARAMETER_ASSIGNMENT       ; SLD_BUFFER_FULL_STOP=1                                                                                          ; --                    ; --          ; auto_signaltap_0 ;
; SLD_NODE_PARAMETER_ASSIGNMENT       ; SLD_CURRENT_RESOURCE_WIDTH=1                                                                                    ; --                    ; --          ; auto_signaltap_0 ;
; SLD_NODE_PARAMETER_ASSIGNMENT       ; SLD_TRIGGER_LEVEL=1                                                                                             ; --                    ; --          ; auto_signaltap_0 ;
; SLD_NODE_PARAMETER_ASSIGNMENT       ; SLD_SAMPLE_DEPTH=128                                                                                            ; --                    ; --          ; auto_signaltap_0 ;
; SLD_NODE_PARAMETER_ASSIGNMENT       ; SLD_TRIGGER_IN_ENABLED=0                                                                                        ; --                    ; --          ; auto_signaltap_0 ;
; SLD_NODE_PARAMETER_ASSIGNMENT       ; SLD_ADVANCED_TRIGGER_ENTITY=basic,1,                                                                            ; --                    ; --          ; auto_signaltap_0 ;
; SLD_NODE_PARAMETER_ASSIGNMENT       ; SLD_TRIGGER_LEVEL_PIPELINE=1                                                                                    ; --                    ; --          ; auto_signaltap_0 ;
; SLD_NODE_PARAMETER_ASSIGNMENT       ; SLD_ENABLE_ADVANCED_TRIGGER=0                                                                                   ; --                    ; --          ; auto_signaltap_0 ;
; SLD_NODE_PARAMETER_ASSIGNMENT       ; SLD_STORAGE_QUALIFIER_INVERSION_MASK_LENGTH=1                                                                   ; --                    ; --          ; auto_signaltap_0 ;
; SLD_NODE_PARAMETER_ASSIGNMENT       ; SLD_STORAGE_QUALIFIER_GAP_RECORD=1                                                                              ; --                    ; --          ; auto_signaltap_0 ;
; SLD_NODE_PARAMETER_ASSIGNMENT       ; SLD_STORAGE_QUALIFIER_MODE=PORT                                                                                 ; --                    ; --          ; auto_signaltap_0 ;
; SLD_NODE_PARAMETER_ASSIGNMENT       ; SLD_INVERSION_MASK=0000000000000000000000000000000                                                              ; --                    ; --          ; auto_signaltap_0 ;
; SLD_NODE_PARAMETER_ASSIGNMENT       ; SLD_INVERSION_MASK_LENGTH=31                                                                                    ; --                    ; --          ; auto_signaltap_0 ;
; SLD_NODE_PARAMETER_ASSIGNMENT       ; SLD_NODE_CRC_LOWORD=10010                                                                                       ; --                    ; --          ; auto_signaltap_0 ;
; SLD_NODE_PARAMETER_ASSIGNMENT       ; SLD_NODE_CRC_HIWORD=40639                                                                                       ; --                    ; --          ; auto_signaltap_0 ;
; TOP_LEVEL_ENTITY                    ; conv_encode                                                                                                     ; convolutional_encoder ; --          ; --               ;
; USE_SIGNALTAP_FILE                  ; output_files/conv_encode.stp                                                                                    ; --                    ; --          ; --               ;
+-------------------------------------+-----------------------------------------------------------------------------------------------------------------+-----------------------+-------------+------------------+


+-------------------------------------------------------------------------------------------------------------------------------+
; Flow Elapsed Time                                                                                                             ;
+---------------------------+--------------+-------------------------+---------------------+------------------------------------+
; Module Name               ; Elapsed Time ; Average Processors Used ; Peak Virtual Memory ; Total CPU Time (on all processors) ;
+---------------------------+--------------+-------------------------+---------------------+------------------------------------+
; Analysis & Synthesis      ; 00:00:06     ; 1.0                     ; 604 MB              ; 00:00:05                           ;
; Fitter                    ; 00:00:07     ; 1.0                     ; 980 MB              ; 00:00:08                           ;
; Assembler                 ; 00:00:03     ; 1.0                     ; 499 MB              ; 00:00:02                           ;
; TimeQuest Timing Analyzer ; 00:00:01     ; 1.0                     ; 502 MB              ; 00:00:01                           ;
; EDA Netlist Writer        ; 00:00:01     ; 1.0                     ; 467 MB              ; 00:00:01                           ;
; Total                     ; 00:00:18     ; --                      ; --                  ; 00:00:17                           ;
+---------------------------+--------------+-------------------------+---------------------+------------------------------------+


+----------------------------------------------------------------------------------------+
; Flow OS Summary                                                                        ;
+---------------------------+------------------+-----------+------------+----------------+
; Module Name               ; Machine Hostname ; OS Name   ; OS Version ; Processor type ;
+---------------------------+------------------+-----------+------------+----------------+
; Analysis & Synthesis      ; Stonehenge       ; Windows 7 ; 6.2        ; x86_64         ;
; Fitter                    ; Stonehenge       ; Windows 7 ; 6.2        ; x86_64         ;
; Assembler                 ; Stonehenge       ; Windows 7 ; 6.2        ; x86_64         ;
; TimeQuest Timing Analyzer ; Stonehenge       ; Windows 7 ; 6.2        ; x86_64         ;
; EDA Netlist Writer        ; Stonehenge       ; Windows 7 ; 6.2        ; x86_64         ;
+---------------------------+------------------+-----------+------------+----------------+


------------
; Flow Log ;
------------
quartus_map --read_settings_files=on --write_settings_files=off convolutional_encoder -c convolutional_encoder
quartus_fit --read_settings_files=off --write_settings_files=off convolutional_encoder -c convolutional_encoder
quartus_asm --read_settings_files=off --write_settings_files=off convolutional_encoder -c convolutional_encoder
quartus_sta convolutional_encoder -c convolutional_encoder
quartus_eda --read_settings_files=off --write_settings_files=off convolutional_encoder -c convolutional_encoder



